d:\github\landxml2gltf\landxml2gltfdll\int\x64\release\landxml2gltfdll.obj
d:\github\landxml2gltf\landxml2gltfdll\int\x64\release\landxmlmodel.obj
d:\github\landxml2gltf\landxml2gltfdll\int\x64\release\vc143.pdb
d:\github\landxml2gltf\landxml2gltfdll\int\x64\release\priconfig.xml
d:\github\landxml2gltf\landxml2gltfdll\int\x64\release\priconfig.xml.intermediate
d:\github\landxml2gltf\landxml2gltfdll\int\x64\release\unfiltered.layout.resfiles
d:\github\landxml2gltf\landxml2gltfdll\int\x64\release\unfiltered.layout.resfiles.intermediate
d:\github\landxml2gltf\landxml2gltfdll\int\x64\release\filtered.layout.resfiles
d:\github\landxml2gltf\landxml2gltfdll\int\x64\release\filtered.layout.resfiles.intermediate
d:\github\landxml2gltf\landxml2gltfdll\int\x64\release\excluded.layout.resfiles
d:\github\landxml2gltf\landxml2gltfdll\int\x64\release\excluded.layout.resfiles.intermediate
d:\github\landxml2gltf\landxml2gltfdll\int\x64\release\resources.resfiles
d:\github\landxml2gltf\landxml2gltfdll\int\x64\release\resources.resfiles.intermediate
d:\github\landxml2gltf\landxml2gltfdll\int\x64\release\pri.resfiles
d:\github\landxml2gltf\landxml2gltfdll\int\x64\release\pri.resfiles.intermediate
d:\github\landxml2gltf\landxml2gltfdll\bin\x64\release\landxml2gltfdll.pri
d:\github\landxml2gltf\landxml2gltfdll\int\x64\release\qualifiers.txt
d:\github\landxml2gltf\landxml2gltfdll\int\x64\release\qualifiers.txt.intermediate
d:\github\landxml2gltf\landxml2gltfdll\int\x64\release\multiplequalifiersperdimensionfound.txt
d:\github\landxml2gltf\landxml2gltfdll\bin\x64\release\landxml2gltfdll.dll
d:\github\landxml2gltf\landxml2gltfdll\int\x64\release\landxml2gltfdll.ipdb
d:\github\landxml2gltf\landxml2gltfdll\bin\x64\release\landxml2gltfdll.pdb
d:\github\landxml2gltf\landxml2gltfdll\int\x64\release\landxml2gltfdll.iobj
d:\github\landxml2gltf\landxml2gltfdll\bin\x64\release\landxml2gltfdll.lib
d:\github\landxml2gltf\landxml2gltfdll\bin\x64\release\landxml2gltfdll.exp
d:\github\landxml2gltf\landxml2gltfdll\int\x64\release\landxml2gltfdll.tlog\cl.10464.write.1.tlog
d:\github\landxml2gltf\landxml2gltfdll\int\x64\release\landxml2gltfdll.tlog\cl.command.1.tlog
d:\github\landxml2gltf\landxml2gltfdll\int\x64\release\landxml2gltfdll.tlog\cl.items.tlog
d:\github\landxml2gltf\landxml2gltfdll\int\x64\release\landxml2gltfdll.tlog\cl.read.1.tlog
d:\github\landxml2gltf\landxml2gltfdll\int\x64\release\landxml2gltfdll.tlog\landxml2gltfdll.read.1u.tlog
d:\github\landxml2gltf\landxml2gltfdll\int\x64\release\landxml2gltfdll.tlog\landxml2gltfdll.write.1u.tlog
d:\github\landxml2gltf\landxml2gltfdll\int\x64\release\landxml2gltfdll.tlog\link.command.1.tlog
d:\github\landxml2gltf\landxml2gltfdll\int\x64\release\landxml2gltfdll.tlog\link.read.1.tlog
d:\github\landxml2gltf\landxml2gltfdll\int\x64\release\landxml2gltfdll.tlog\link.write.1.tlog
d:\github\landxml2gltf\landxml2gltfdll\int\x64\release\landxml2gltfdll.tlog\link.write.2u.tlog
